<?xml version="1.0" encoding="UTF-8"?>
<testsuite name="키패드누르기Test" tests="1" skipped="0" failures="0" errors="0" timestamp="2021-07-28T13:27:47" hostname="weno" time="0.058">
  <properties/>
  <testcase name="test_키패드누르기()" classname="키패드누르기Test" time="0.058"/>
  <system-out><![CDATA[answer: LRLLRRLLLRR
]]></system-out>
  <system-err><![CDATA[]]></system-err>
</testsuite>
